<?xml version="1.0" encoding="UTF-8"?>
<coverage generated="1529993552630" clover="3.2.0">
  <project timestamp="1529993552630" name="All files">
    <metrics statements="42" coveredstatements="42" conditionals="14" coveredconditionals="9" methods="18" coveredmethods="17" elements="74" coveredelements="68" complexity="0" loc="42" ncloc="42" packages="3" files="5" classes="5">
      <package name="src">
        <metrics statements="6" coveredstatements="6" conditionals="3" coveredconditionals="2" methods="3" coveredmethods="3"/>
        <file name="app.controller.ts" path="/Users/yoohoo/projects/farrier/src/app.controller.ts">
          <metrics statements="4" coveredstatements="4" conditionals="3" coveredconditionals="2" methods="2" coveredmethods="2"/>
          <line num="5" count="1" type="stmt"/>
          <line num="6" count="1" type="cond" truecount="2" falsecount="1"/>
          <line num="9" count="1" type="stmt"/>
          <line num="10" count="1" type="stmt"/>
        </file>
        <file name="app.service.ts" path="/Users/yoohoo/projects/farrier/src/app.service.ts">
          <metrics statements="2" coveredstatements="2" conditionals="0" coveredconditionals="0" methods="1" coveredmethods="1"/>
          <line num="4" count="1" type="stmt"/>
          <line num="6" count="1" type="stmt"/>
        </file>
      </package>
      <package name="src.entity">
        <metrics statements="17" coveredstatements="17" conditionals="3" coveredconditionals="1" methods="7" coveredmethods="7"/>
        <file name="Answer.ts" path="/Users/yoohoo/projects/farrier/src/entity/Answer.ts">
          <metrics statements="5" coveredstatements="5" conditionals="3" coveredconditionals="1" methods="1" coveredmethods="1"/>
          <line num="5" count="1" type="stmt"/>
          <line num="6" count="1" type="stmt"/>
          <line num="8" count="1" type="stmt"/>
          <line num="10" count="1" type="stmt"/>
          <line num="11" count="1" type="cond" truecount="1" falsecount="2"/>
        </file>
        <file name="Question.ts" path="/Users/yoohoo/projects/farrier/src/entity/Question.ts">
          <metrics statements="12" coveredstatements="12" conditionals="0" coveredconditionals="0" methods="6" coveredmethods="6"/>
          <line num="11" count="1" type="stmt"/>
          <line num="12" count="1" type="stmt"/>
          <line num="14" count="1" type="stmt"/>
          <line num="17" count="1" type="stmt"/>
          <line num="19" count="1" type="stmt"/>
          <line num="23" count="1" type="stmt"/>
          <line num="25" count="1" type="stmt"/>
          <line num="27" count="1" type="stmt"/>
          <line num="28" count="1" type="stmt"/>
          <line num="30" count="1" type="stmt"/>
          <line num="31" count="1" type="stmt"/>
          <line num="33" count="1" type="stmt"/>
        </file>
      </package>
      <package name="src.question">
        <metrics statements="19" coveredstatements="19" conditionals="8" coveredconditionals="6" methods="8" coveredmethods="7"/>
        <file name="question.service.ts" path="/Users/yoohoo/projects/farrier/src/question/question.service.ts">
          <metrics statements="19" coveredstatements="19" conditionals="8" coveredconditionals="6" methods="8" coveredmethods="7"/>
          <line num="8" count="1" type="stmt"/>
          <line num="11" count="1" type="cond" truecount="6" falsecount="2"/>
          <line num="13" count="1" type="stmt"/>
          <line num="17" count="1" type="stmt"/>
          <line num="18" count="1" type="stmt"/>
          <line num="19" count="4" type="stmt"/>
          <line num="20" count="1" type="stmt"/>
          <line num="21" count="1" type="stmt"/>
          <line num="23" count="1" type="stmt"/>
          <line num="24" count="1" type="stmt"/>
          <line num="25" count="1" type="stmt"/>
          <line num="26" count="1" type="stmt"/>
          <line num="27" count="1" type="stmt"/>
          <line num="29" count="1" type="stmt"/>
          <line num="34" count="1" type="stmt"/>
          <line num="35" count="4" type="stmt"/>
          <line num="36" count="4" type="stmt"/>
          <line num="37" count="4" type="stmt"/>
          <line num="39" count="1" type="stmt"/>
        </file>
      </package>
    </metrics>
  </project>
</coverage>
