{"/Users/yoohoo/projects/farrier/src/app.controller.ts": {"path":"/Users/yoohoo/projects/farrier/src/app.controller.ts","statementMap":{"0":{"start":{"line":5,"column":0},"end":{"line":12,"column":1}},"1":{"start":{"line":6,"column":31},"end":{"line":6,"column":53}},"2":{"start":{"line":10,"column":4},"end":{"line":10,"column":34}},"3":{"start":{"line":9,"column":2},"end":{"line":11,"column":3}},"4":{"start":{"line":5,"column":13},"end":{"line":12,"column":1}}},"fnMap":{"0":{"name":"(anonymous_2)","decl":{"start":{"line":6,"column":2},"end":{"line":6,"column":30}},"loc":{"start":{"line":6,"column":53},"end":{"line":6,"column":57}}},"1":{"name":"(anonymous_3)","decl":{"start":{"line":9,"column":2},"end":{"line":9,"column":5}},"loc":{"start":{"line":9,"column":6},"end":{"line":11,"column":3}}}},"branchMap":{"0":{"loc":{"start":{"line":6,"column":53},"end":{"line":null,"column":-1}},"type":"binary-expr","locations":[{"start":{"line":6,"column":53},"end":{"line":null,"column":-1}},{"start":{"line":6,"column":53},"end":{"line":null,"column":-1}}]},"1":{"loc":{"start":{"line":6,"column":43},"end":{"line":6,"column":53}},"type":"binary-expr","locations":[{"start":{"line":6,"column":43},"end":{"line":6,"column":53}}]}},"s":{"0":1,"1":1,"2":1,"3":1,"4":1},"f":{"0":1,"1":1},"b":{"0":[1,0],"1":[1]}}
,"/Users/yoohoo/projects/farrier/src/app.service.ts": {"path":"/Users/yoohoo/projects/farrier/src/app.service.ts","statementMap":{"0":{"start":{"line":4,"column":0},"end":{"line":8,"column":1}},"1":{"start":{"line":6,"column":4},"end":{"line":6,"column":26}},"2":{"start":{"line":4,"column":13},"end":{"line":8,"column":1}}},"fnMap":{"0":{"name":"(anonymous_1)","decl":{"start":{"line":5,"column":2},"end":{"line":5,"column":5}},"loc":{"start":{"line":5,"column":6},"end":{"line":7,"column":3}}}},"branchMap":{},"s":{"0":1,"1":1,"2":1},"f":{"0":1},"b":{}}
,"/Users/yoohoo/projects/farrier/src/entity/Answer.ts": {"path":"/Users/yoohoo/projects/farrier/src/entity/Answer.ts","statementMap":{"0":{"start":{"line":5,"column":0},"end":{"line":12,"column":1}},"1":{"start":{"line":6,"column":28},"end":{"line":6,"column":39}},"2":{"start":{"line":8,"column":12},"end":{"line":8,"column":28}},"3":{"start":{"line":11,"column":2},"end":{"line":11,"column":21}},"4":{"start":{"line":10,"column":21},"end":{"line":10,"column":29}},"5":{"start":{"line":5,"column":13},"end":{"line":12,"column":1}}},"fnMap":{"0":{"name":"(anonymous_2)","decl":{"start":{"line":10,"column":13},"end":{"line":10,"column":16}},"loc":{"start":{"line":10,"column":21},"end":{"line":10,"column":29}}}},"branchMap":{"0":{"loc":{"start":{"line":11,"column":20},"end":{"line":null,"column":-1}},"type":"binary-expr","locations":[{"start":{"line":11,"column":20},"end":{"line":null,"column":-1}},{"start":{"line":11,"column":20},"end":{"line":null,"column":-1}}]},"1":{"loc":{"start":{"line":11,"column":12},"end":{"line":11,"column":20}},"type":"binary-expr","locations":[{"start":{"line":11,"column":12},"end":{"line":11,"column":20}}]}},"s":{"0":1,"1":1,"2":1,"3":1,"4":1,"5":1},"f":{"0":1},"b":{"0":[0,1],"1":[0]}}
,"/Users/yoohoo/projects/farrier/src/entity/Question.ts": {"path":"/Users/yoohoo/projects/farrier/src/entity/Question.ts","statementMap":{"0":{"start":{"line":11,"column":21},"end":{"line":34,"column":1}},"1":{"start":{"line":12,"column":28},"end":{"line":12,"column":39}},"2":{"start":{"line":14,"column":12},"end":{"line":14,"column":28}},"3":{"start":{"line":17,"column":2},"end":{"line":17,"column":15}},"4":{"start":{"line":23,"column":2},"end":{"line":23,"column":20}},"5":{"start":{"line":19,"column":21},"end":{"line":19,"column":27}},"6":{"start":{"line":19,"column":39},"end":{"line":19,"column":54}},"7":{"start":{"line":25,"column":26},"end":{"line":25,"column":48}},"8":{"start":{"line":28,"column":2},"end":{"line":28,"column":19}},"9":{"start":{"line":27,"column":21},"end":{"line":27,"column":29}},"10":{"start":{"line":27,"column":36},"end":{"line":27,"column":47}},"11":{"start":{"line":31,"column":2},"end":{"line":31,"column":24}},"12":{"start":{"line":30,"column":21},"end":{"line":30,"column":29}},"13":{"start":{"line":30,"column":36},"end":{"line":30,"column":44}},"14":{"start":{"line":33,"column":12},"end":{"line":33,"column":29}},"15":{"start":{"line":11,"column":13},"end":{"line":34,"column":1}}},"fnMap":{"0":{"name":"(anonymous_2)","decl":{"start":{"line":19,"column":13},"end":{"line":19,"column":16}},"loc":{"start":{"line":19,"column":21},"end":{"line":19,"column":27}}},"1":{"name":"(anonymous_3)","decl":{"start":{"line":19,"column":29},"end":{"line":19,"column":34}},"loc":{"start":{"line":19,"column":39},"end":{"line":19,"column":54}}},"2":{"name":"(anonymous_4)","decl":{"start":{"line":27,"column":13},"end":{"line":27,"column":16}},"loc":{"start":{"line":27,"column":21},"end":{"line":27,"column":29}}},"3":{"name":"(anonymous_5)","decl":{"start":{"line":27,"column":31},"end":{"line":27,"column":32}},"loc":{"start":{"line":27,"column":36},"end":{"line":27,"column":47}}},"4":{"name":"(anonymous_6)","decl":{"start":{"line":30,"column":13},"end":{"line":30,"column":16}},"loc":{"start":{"line":30,"column":21},"end":{"line":30,"column":29}}},"5":{"name":"(anonymous_7)","decl":{"start":{"line":30,"column":31},"end":{"line":30,"column":32}},"loc":{"start":{"line":30,"column":36},"end":{"line":30,"column":44}}}},"branchMap":{},"s":{"0":1,"1":1,"2":1,"3":1,"4":1,"5":1,"6":1,"7":1,"8":1,"9":1,"10":1,"11":1,"12":1,"13":1,"14":1,"15":1},"f":{"0":1,"1":1,"2":1,"3":1,"4":1,"5":1},"b":{}}
,"/Users/yoohoo/projects/farrier/src/question/question.service.ts": {"path":"/Users/yoohoo/projects/farrier/src/question/question.service.ts","statementMap":{"0":{"start":{"line":8,"column":0},"end":{"line":41,"column":1}},"1":{"start":{"line":11,"column":21},"end":{"line":11,"column":61}},"2":{"start":{"line":13,"column":21},"end":{"line":13,"column":57}},"3":{"start":{"line":17,"column":20},"end":{"line":17,"column":65}},"4":{"start":{"line":18,"column":24},"end":{"line":20,"column":21}},"5":{"start":{"line":19,"column":19},"end":{"line":19,"column":72}},"6":{"start":{"line":19,"column":56},"end":{"line":19,"column":71}},"7":{"start":{"line":20,"column":16},"end":{"line":20,"column":20}},"8":{"start":{"line":21,"column":21},"end":{"line":21,"column":35}},"9":{"start":{"line":23,"column":4},"end":{"line":23,"column":40}},"10":{"start":{"line":24,"column":4},"end":{"line":24,"column":46}},"11":{"start":{"line":25,"column":4},"end":{"line":25,"column":31}},"12":{"start":{"line":26,"column":4},"end":{"line":26,"column":39}},"13":{"start":{"line":27,"column":4},"end":{"line":27,"column":48}},"14":{"start":{"line":29,"column":4},"end":{"line":29,"column":56}},"15":{"start":{"line":34,"column":20},"end":{"line":38,"column":6}},"16":{"start":{"line":35,"column":21},"end":{"line":35,"column":33}},"17":{"start":{"line":36,"column":6},"end":{"line":36,"column":25}},"18":{"start":{"line":37,"column":6},"end":{"line":37,"column":20}},"19":{"start":{"line":39,"column":4},"end":{"line":39,"column":53}},"20":{"start":{"line":8,"column":13},"end":{"line":41,"column":1}}},"fnMap":{"0":{"name":"(anonymous_10)","decl":{"start":{"line":9,"column":2},"end":{"line":11,"column":20}},"loc":{"start":{"line":13,"column":57},"end":{"line":14,"column":6}}},"1":{"name":"(anonymous_11)","decl":{"start":{"line":16,"column":8},"end":{"line":16,"column":25}},"loc":{"start":{"line":16,"column":63},"end":{"line":30,"column":3}}},"2":{"name":"(anonymous_13)","decl":{"start":{"line":19,"column":14},"end":{"line":19,"column":15}},"loc":{"start":{"line":19,"column":19},"end":{"line":19,"column":72}}},"3":{"name":"(anonymous_14)","decl":{"start":{"line":19,"column":51},"end":{"line":19,"column":52}},"loc":{"start":{"line":19,"column":56},"end":{"line":19,"column":71}}},"4":{"name":"(anonymous_15)","decl":{"start":{"line":20,"column":11},"end":{"line":20,"column":12}},"loc":{"start":{"line":20,"column":16},"end":{"line":20,"column":20}}},"5":{"name":"(anonymous_16)","decl":{"start":{"line":32,"column":8},"end":{"line":32,"column":25}},"loc":{"start":{"line":32,"column":69},"end":{"line":32,"column":73}}},"6":{"name":"(anonymous_18)","decl":{"start":{"line":33,"column":16},"end":{"line":33,"column":25}},"loc":{"start":{"line":33,"column":44},"end":{"line":40,"column":3}}},"7":{"name":"(anonymous_20)","decl":{"start":{"line":34,"column":32},"end":{"line":34,"column":33}},"loc":{"start":{"line":34,"column":36},"end":{"line":38,"column":5}}}},"branchMap":{"0":{"loc":{"start":{"line":11,"column":51},"end":{"line":13,"column":38}},"type":"binary-expr","locations":[{"start":{"line":11,"column":51},"end":{"line":13,"column":38}},{"start":{"line":11,"column":51},"end":{"line":13,"column":38}}]},"1":{"loc":{"start":{"line":11,"column":41},"end":{"line":11,"column":51}},"type":"binary-expr","locations":[{"start":{"line":11,"column":41},"end":{"line":11,"column":51}}]},"2":{"loc":{"start":{"line":11,"column":51},"end":{"line":13,"column":49}},"type":"binary-expr","locations":[{"start":{"line":11,"column":51},"end":{"line":13,"column":49}},{"start":{"line":13,"column":49},"end":{"line":null,"column":-1}},{"start":{"line":13,"column":49},"end":{"line":null,"column":-1}}]},"3":{"loc":{"start":{"line":11,"column":51},"end":{"line":13,"column":49}},"type":"binary-expr","locations":[{"start":{"line":11,"column":51},"end":{"line":13,"column":49}},{"start":{"line":13,"column":39},"end":{"line":13,"column":49}}]}},"s":{"0":1,"1":1,"2":1,"3":1,"4":1,"5":4,"6":4,"7":1,"8":1,"9":1,"10":1,"11":1,"12":1,"13":1,"14":1,"15":1,"16":4,"17":4,"18":4,"19":1,"20":1},"f":{"0":1,"1":1,"2":4,"3":4,"4":1,"5":0,"6":1,"7":4},"b":{"0":[1,0],"1":[1],"2":[1,1,0],"3":[1,1]}}
}
