TN:
SF:/Users/yoohoo/projects/farrier/src/app.controller.ts
FN:6,(anonymous_2)
FN:9,(anonymous_3)
FNF:2
FNH:2
FNDA:1,(anonymous_2)
FNDA:1,(anonymous_3)
DA:5,1
DA:6,1
DA:9,1
DA:10,1
LF:4
LH:4
BRDA:6,0,0,1
BRDA:6,0,1,0
BRDA:6,1,0,1
BRF:3
BRH:2
end_of_record
TN:
SF:/Users/yoohoo/projects/farrier/src/app.service.ts
FN:5,(anonymous_1)
FNF:1
FNH:1
FNDA:1,(anonymous_1)
DA:4,1
DA:6,1
LF:2
LH:2
BRF:0
BRH:0
end_of_record
TN:
SF:/Users/yoohoo/projects/farrier/src/entity/Answer.ts
FN:10,(anonymous_2)
FNF:1
FNH:1
FNDA:1,(anonymous_2)
DA:5,1
DA:6,1
DA:8,1
DA:10,1
DA:11,1
LF:5
LH:5
BRDA:11,0,0,0
BRDA:11,0,1,1
BRDA:11,1,0,0
BRF:3
BRH:1
end_of_record
TN:
SF:/Users/yoohoo/projects/farrier/src/entity/Question.ts
FN:19,(anonymous_2)
FN:19,(anonymous_3)
FN:27,(anonymous_4)
FN:27,(anonymous_5)
FN:30,(anonymous_6)
FN:30,(anonymous_7)
FNF:6
FNH:6
FNDA:1,(anonymous_2)
FNDA:1,(anonymous_3)
FNDA:1,(anonymous_4)
FNDA:1,(anonymous_5)
FNDA:1,(anonymous_6)
FNDA:1,(anonymous_7)
DA:11,1
DA:12,1
DA:14,1
DA:17,1
DA:19,1
DA:23,1
DA:25,1
DA:27,1
DA:28,1
DA:30,1
DA:31,1
DA:33,1
LF:12
LH:12
BRF:0
BRH:0
end_of_record
TN:
SF:/Users/yoohoo/projects/farrier/src/question/question.service.ts
FN:9,(anonymous_10)
FN:16,(anonymous_11)
FN:19,(anonymous_13)
FN:19,(anonymous_14)
FN:20,(anonymous_15)
FN:32,(anonymous_16)
FN:33,(anonymous_18)
FN:34,(anonymous_20)
FNF:8
FNH:7
FNDA:1,(anonymous_10)
FNDA:1,(anonymous_11)
FNDA:4,(anonymous_13)
FNDA:4,(anonymous_14)
FNDA:1,(anonymous_15)
FNDA:0,(anonymous_16)
FNDA:1,(anonymous_18)
FNDA:4,(anonymous_20)
DA:8,1
DA:11,1
DA:13,1
DA:17,1
DA:18,1
DA:19,4
DA:20,1
DA:21,1
DA:23,1
DA:24,1
DA:25,1
DA:26,1
DA:27,1
DA:29,1
DA:34,1
DA:35,4
DA:36,4
DA:37,4
DA:39,1
LF:19
LH:19
BRDA:11,0,0,1
BRDA:11,0,1,0
BRDA:11,1,0,1
BRDA:11,2,0,1
BRDA:11,2,1,1
BRDA:11,2,2,0
BRDA:11,3,0,1
BRDA:11,3,1,1
BRF:8
BRH:6
end_of_record
